face-detection v1.1/openCVSamplefacedetection/build/outputs/apk/manifest-merger-debug-report.txt
-- Merging decision tree log ---
manifest
ADDED from AndroidManifest.xml:2:1
	package
		ADDED from AndroidManifest.xml:3:11
		INJECTED from AndroidManifest.xml:0:0
		INJECTED from AndroidManifest.xml:0:0
	android:versionName
		ADDED from AndroidManifest.xml:5:11
	android:versionCode
		ADDED from AndroidManifest.xml:4:11
		INJECTED from AndroidManifest.xml:0:0
		INJECTED from AndroidManifest.xml:0:0
	xmlns:android
		ADDED from AndroidManifest.xml:2:11
application
ADDED from AndroidManifest.xml:10:5
	android:label
		ADDED from AndroidManifest.xml:11:9
	android:icon
		ADDED from AndroidManifest.xml:12:9
	android:theme
		ADDED from AndroidManifest.xml:13:9
activity#org.opencv.samples.facedetect.FdActivity
ADDED from AndroidManifest.xml:15:9
	android:screenOrientation
		ADDED from AndroidManifest.xml:17:19
	android:label
		ADDED from AndroidManifest.xml:16:19
	android:configChanges
		ADDED from AndroidManifest.xml:18:19
	android:name
		ADDED from AndroidManifest.xml:15:19
activity#org.opencv.samples.facedetect.DeviceListActivity
ADDED from AndroidManifest.xml:24:9
	android:screenOrientation
		ADDED from AndroidManifest.xml:27:13
	android:label
		ADDED from AndroidManifest.xml:26:13
	android:name
		ADDED from AndroidManifest.xml:25:13
intent-filter#android.intent.action.MAIN+android.intent.category.LAUNCHER
ADDED from AndroidManifest.xml:28:13
action#android.intent.action.MAIN
ADDED from AndroidManifest.xml:29:17
	android:name
		ADDED from AndroidManifest.xml:29:25
category#android.intent.category.LAUNCHER
ADDED from AndroidManifest.xml:31:17
	android:name
		ADDED from AndroidManifest.xml:31:27
supports-screens
ADDED from AndroidManifest.xml:39:5
	android:largeScreens
		ADDED from AndroidManifest.xml:42:23
	android:smallScreens
		ADDED from AndroidManifest.xml:40:23
	android:normalScreens
		ADDED from AndroidManifest.xml:41:23
	android:resizeable
		ADDED from AndroidManifest.xml:39:23
	android:anyDensity
		ADDED from AndroidManifest.xml:43:23
uses-sdk
ADDED from AndroidManifest.xml:45:5
MERGED from face-detection v1.1:openCVLibrary2410:unspecified:7:5
	android:targetSdkVersion
		INJECTED from AndroidManifest.xml:0:0
		INJECTED from AndroidManifest.xml:0:0
	android:minSdkVersion
		ADDED from AndroidManifest.xml:45:15
		INJECTED from AndroidManifest.xml:0:0
		INJECTED from AndroidManifest.xml:0:0
uses-permission#android.permission.CAMERA
ADDED from AndroidManifest.xml:47:5
	android:name
		ADDED from AndroidManifest.xml:47:22
uses-permission#android.permission.BLUETOOTH
ADDED from AndroidManifest.xml:48:5
	android:name
		ADDED from AndroidManifest.xml:48:22
uses-permission#android.permission.BLUETOOTH_ADMIN
ADDED from AndroidManifest.xml:49:5
	android:name
		ADDED from AndroidManifest.xml:49:22
uses-feature#android.hardware.camera
ADDED from AndroidManifest.xml:52:5
	android:required
		ADDED from AndroidManifest.xml:52:58
	android:name
		ADDED from AndroidManifest.xml:52:19
uses-feature#android.hardware.camera.autofocus
ADDED from AndroidManifest.xml:53:5
	android:required
		ADDED from AndroidManifest.xml:53:68
	android:name
		ADDED from AndroidManifest.xml:53:19
uses-feature#android.hardware.camera.front
ADDED from AndroidManifest.xml:54:5
	android:required
		ADDED from AndroidManifest.xml:54:64
	android:name
		ADDED from AndroidManifest.xml:54:19
uses-feature#android.hardware.camera.front.autofocus
ADDED from AndroidManifest.xml:55:5
	android:required
		ADDED from AndroidManifest.xml:55:74
	android:name
		ADDED from AndroidManifest.xml:55:19